alarming-alarming-master1/app/build/outputs/apk/manifest-merger-debug-report.txt
-- Merging decision tree log ---
manifest
ADDED from AndroidManifest.xml:1:1
	package
		ADDED from AndroidManifest.xml:2:9
		INJECTED from AndroidManifest.xml:0:0
		INJECTED from AndroidManifest.xml:0:0
	android:versionName
		ADDED from AndroidManifest.xml:4:9
	android:versionCode
		ADDED from AndroidManifest.xml:3:9
		INJECTED from AndroidManifest.xml:0:0
		INJECTED from AndroidManifest.xml:0:0
	xmlns:android
		ADDED from AndroidManifest.xml:1:11
uses-sdk
ADDED from AndroidManifest.xml:7:5
	android:targetSdkVersion
		INJECTED from AndroidManifest.xml:0:0
		INJECTED from AndroidManifest.xml:0:0
	android:minSdkVersion
		ADDED from AndroidManifest.xml:7:15
		INJECTED from AndroidManifest.xml:0:0
		INJECTED from AndroidManifest.xml:0:0
uses-permission#android.permission.RECEIVE_BOOT_COMPLETED
ADDED from AndroidManifest.xml:9:5
	android:name
		ADDED from AndroidManifest.xml:9:22
uses-permission#android.permission.WAKE_LOCK
ADDED from AndroidManifest.xml:10:5
	android:name
		ADDED from AndroidManifest.xml:10:22
uses-permission#android.permission.VIBRATE
ADDED from AndroidManifest.xml:11:5
	android:name
		ADDED from AndroidManifest.xml:11:22
uses-permission#android.permission.WRITE_SETTINGS
ADDED from AndroidManifest.xml:12:5
	android:name
		ADDED from AndroidManifest.xml:12:22
uses-permission#android.permission.DISABLE_KEYGUARD
ADDED from AndroidManifest.xml:13:5
	android:name
		ADDED from AndroidManifest.xml:13:22
application
ADDED from AndroidManifest.xml:15:5
	android:label
		ADDED from AndroidManifest.xml:15:18
	android:icon
		ADDED from AndroidManifest.xml:16:18
provider#com.hlidskialf.android.alarmclock.AlarmProvider
ADDED from AndroidManifest.xml:18:9
	android:authorities
		ADDED from AndroidManifest.xml:18:48
	android:name
		ADDED from AndroidManifest.xml:18:19
activity#com.hlidskialf.android.alarmclock.AlarmClock
ADDED from AndroidManifest.xml:20:9
	android:label
		ADDED from AndroidManifest.xml:20:45
	android:name
		ADDED from AndroidManifest.xml:20:19
intent-filter#android.intent.action.MAIN+android.intent.category.DEFAULT+android.intent.category.LAUNCHER
ADDED from AndroidManifest.xml:21:13
action#android.intent.action.MAIN
ADDED from AndroidManifest.xml:22:17
	android:name
		ADDED from AndroidManifest.xml:22:25
category#android.intent.category.DEFAULT
ADDED from AndroidManifest.xml:23:17
	android:name
		ADDED from AndroidManifest.xml:23:27
category#android.intent.category.LAUNCHER
ADDED from AndroidManifest.xml:24:17
	android:name
		ADDED from AndroidManifest.xml:24:27
activity#com.hlidskialf.android.alarmclock.SettingsActivity
ADDED from AndroidManifest.xml:28:9
	android:label
		ADDED from AndroidManifest.xml:28:51
	android:name
		ADDED from AndroidManifest.xml:28:19
intent-filter#android.intent.action.MAIN
ADDED from AndroidManifest.xml:29:13
activity#com.hlidskialf.android.alarmclock.SetAlarm
ADDED from AndroidManifest.xml:34:9
	android:label
		ADDED from AndroidManifest.xml:34:43
	android:name
		ADDED from AndroidManifest.xml:34:19
activity#com.hlidskialf.android.alarmclock.AlarmAlert
ADDED from AndroidManifest.xml:36:9
	android:screenOrientation
		ADDED from AndroidManifest.xml:41:17
	android:label
		ADDED from AndroidManifest.xml:36:45
	android:excludeFromRecents
		ADDED from AndroidManifest.xml:37:17
	android:launchMode
		ADDED from AndroidManifest.xml:39:17
	android:configChanges
		ADDED from AndroidManifest.xml:42:17
	android:theme
		ADDED from AndroidManifest.xml:38:17
	android:taskAffinity
		ADDED from AndroidManifest.xml:40:17
	android:name
		ADDED from AndroidManifest.xml:36:19
activity#com.hlidskialf.android.alarmclock.ClockPicker
ADDED from AndroidManifest.xml:44:9
	android:name
		ADDED from AndroidManifest.xml:44:19
receiver#com.hlidskialf.android.alarmclock.AlarmReceiver
ADDED from AndroidManifest.xml:46:9
	android:name
		ADDED from AndroidManifest.xml:46:19
intent-filter#com.hlidskialf.android.alarmclock.ALARM_ALERT
ADDED from AndroidManifest.xml:47:13
action#com.hlidskialf.android.alarmclock.ALARM_ALERT
ADDED from AndroidManifest.xml:48:16
	android:name
		ADDED from AndroidManifest.xml:48:24
receiver#com.hlidskialf.android.alarmclock.AlarmInitReceiver
ADDED from AndroidManifest.xml:52:9
	android:name
		ADDED from AndroidManifest.xml:52:19
intent-filter#android.intent.action.BOOT_COMPLETED+android.intent.action.TIMEZONE_CHANGED+android.intent.action.TIME_SET
ADDED from AndroidManifest.xml:53:13
action#android.intent.action.BOOT_COMPLETED
ADDED from AndroidManifest.xml:54:17
	android:name
		ADDED from AndroidManifest.xml:54:25
action#android.intent.action.TIME_SET
ADDED from AndroidManifest.xml:55:17
	android:name
		ADDED from AndroidManifest.xml:55:25
action#android.intent.action.TIMEZONE_CHANGED
ADDED from AndroidManifest.xml:56:17
	android:name
		ADDED from AndroidManifest.xml:56:25
receiver#com.hlidskialf.android.alarmclock.AnalogAppWidgetProvider
ADDED from AndroidManifest.xml:60:9
	android:label
		ADDED from AndroidManifest.xml:60:58
	android:name
		ADDED from AndroidManifest.xml:60:19
intent-filter#android.appwidget.action.APPWIDGET_UPDATE
ADDED from AndroidManifest.xml:61:13
action#android.appwidget.action.APPWIDGET_UPDATE
ADDED from AndroidManifest.xml:62:17
	android:name
		ADDED from AndroidManifest.xml:62:25
meta-data#android.appwidget.provider
ADDED from AndroidManifest.xml:64:13
	android:resource
		ADDED from AndroidManifest.xml:64:66
	android:name
		ADDED from AndroidManifest.xml:64:24
activity#com.hlidskialf.android.alarmclock.BedClock
ADDED from AndroidManifest.xml:67:9
	android:screenOrientation
		ADDED from AndroidManifest.xml:68:19
	android:theme
		ADDED from AndroidManifest.xml:69:19
	android:name
		ADDED from AndroidManifest.xml:67:19
activity#com.hlidskialf.android.alarmclock.AnalogAppWidgetConfigure
ADDED from AndroidManifest.xml:72:9
	android:label
		ADDED from AndroidManifest.xml:72:59
	android:name
		ADDED from AndroidManifest.xml:72:19
intent-filter#android.appwidget.action.APPWIDGET_CONFIGURE
ADDED from AndroidManifest.xml:73:11
action#android.appwidget.action.APPWIDGET_CONFIGURE
ADDED from AndroidManifest.xml:74:13
	android:name
		ADDED from AndroidManifest.xml:74:21